190659
190688
191090
191226
191411
191700
191701
191810
191811
191856
191857
191858
191859
193621
194075
194076
194210
194439
194480
194643
194644
194790
194825
194897
195110
195111
195112
195113
195114
195115
195147
195527
195528
195529
195633
195634
195774
195775
195923
195925
195926
195927
195929
196019
196046
196047
196048
196122
196197
196199
196249
198022
198023
198116
198230
198268
198269
198941
199011
199745
199751
199832
199833
199834
199961
200190
200368
200369
200515
200519
200961
200990
200991
200992
201005
201164
201168
201191
201554
201602
202000
202074
202075
202178
202272
202299
202314
202389
203742
203853
203986
204113
204114
204238
204506
204555
204564
204599
204601
205086
